INFO:root:FICHAJE ESPAÑA -> DIA:5 -> 11:8
INFO:root:|------------------ C:/Users/e107580/Desktop/CODE/TIMY/fotos/boton-login.png ------------------|
INFO:root:|    REINTENTOS: 3 - PRECISION: 0.8999999999999999
INFO:root:|    posicion:None
INFO:root:|------------------ C:/Users/e107580/Desktop/CODE/TIMY/fotos/boton-login.png ------------------|
INFO:root:|    REINTENTOS: 2 - PRECISION: 0.6
INFO:root:|    posicion:Box(left=2509, top=231, width=251, height=82)
INFO:root:|    break
INFO:root:|    POSITION:Box(left=2509, top=231, width=251, height=82)
INFO:root:|----------------------------------------------|

DEBUG:root:DEBO FICHAR PARA MORNING
INFO:root:FICHAJE ESPAÑA -> DIA:5 -> 11:10
INFO:root:|------------------ C:/Users/e107580/Desktop/CODE/TIMY/fotos/boton-login.png ------------------|
INFO:root:|    REINTENTOS: 3 - PRECISION: 0.8999999999999999
INFO:root:|    posicion:None
INFO:root:|------------------ C:/Users/e107580/Desktop/CODE/TIMY/fotos/boton-login.png ------------------|
INFO:root:|    REINTENTOS: 2 - PRECISION: 0.6
INFO:root:|    posicion:None
INFO:root:|------------------ C:/Users/e107580/Desktop/CODE/TIMY/fotos/boton-login.png ------------------|
INFO:root:|    REINTENTOS: 1 - PRECISION: 0.3
INFO:root:|    posicion:Box(left=229, top=65, width=251, height=82)
INFO:root:|    break
INFO:root:|    POSITION:Box(left=229, top=65, width=251, height=82)
INFO:root:|----------------------------------------------|

DEBUG:root:DEBO FICHAR PARA MORNING
INFO:root:FICHAJE ESPAÑA -> DIA:5 -> 11:12
INFO:root:|------------------ C:/Users/e107580/Desktop/CODE/TIMY/fotos/boton-login.png ------------------|
INFO:root:|    REINTENTOS: 3 - PRECISION: 0.8999999999999999
INFO:root:|    posicion:None
INFO:root:|------------------ C:/Users/e107580/Desktop/CODE/TIMY/fotos/boton-login.png ------------------|
INFO:root:|    REINTENTOS: 2 - PRECISION: 0.6
INFO:root:|    posicion:Box(left=1854, top=410, width=251, height=82)
INFO:root:|    break
INFO:root:|    POSITION:Box(left=1854, top=410, width=251, height=82)
INFO:root:|----------------------------------------------|

DEBUG:root:DEBO FICHAR PARA MORNING
INFO:root:FICHAJE ESPAÑA -> DIA:5 -> 11:14
INFO:root:|------------------ C:/Users/e107580/Desktop/CODE/TIMY/fotos/boton-login.png ------------------|
INFO:root:|    REINTENTOS: 3 - PRECISION: 0.8999999999999999
INFO:root:|    posicion:None
INFO:root:|------------------ C:/Users/e107580/Desktop/CODE/TIMY/fotos/boton-login.png ------------------|
INFO:root:|    REINTENTOS: 2 - PRECISION: 0.6
INFO:root:|    posicion:Box(left=252, top=313, width=251, height=82)
INFO:root:|    break
INFO:root:|    POSITION:Box(left=252, top=313, width=251, height=82)
INFO:root:|----------------------------------------------|

DEBUG:root:DEBO FICHAR PARA MORNING
INFO:root:FICHAJE ESPAÑA -> DIA:5 -> 11:15
INFO:root:|------------------ C:/Users/e107580/Desktop/CODE/TIMY/fotos/boton-login.png ------------------|
INFO:root:|    REINTENTOS: 3 - PRECISION: 0.8999999999999999
INFO:root:|    posicion:None
INFO:root:|------------------ C:/Users/e107580/Desktop/CODE/TIMY/fotos/boton-login.png ------------------|
INFO:root:|    REINTENTOS: 2 - PRECISION: 0.6
INFO:root:|    posicion:Box(left=3423, top=193, width=251, height=82)
INFO:root:|    break
INFO:root:|    POSITION:Box(left=3423, top=193, width=251, height=82)
INFO:root:|----------------------------------------------|

DEBUG:root:DEBO FICHAR PARA MORNING
INFO:root:FICHAJE ESPAÑA -> DIA:5 -> 11:27
INFO:root:|------------------ C:/Users/e107580/Desktop/CODE/TIMY/fotos/boton-login.png ------------------|
INFO:root:|    REINTENTOS: 3 - PRECISION: 0.8999999999999999
INFO:root:|    posicion:None
INFO:root:|------------------ C:/Users/e107580/Desktop/CODE/TIMY/fotos/boton-login.png ------------------|
INFO:root:|    REINTENTOS: 2 - PRECISION: 0.6
INFO:root:|    posicion:Box(left=2344, top=202, width=251, height=82)
INFO:root:|    break
INFO:root:|    POSITION:Box(left=2344, top=202, width=251, height=82)
INFO:root:|----------------------------------------------|

INFO:root:FICHAJE ESPAÑA -> DIA:5 -> 13:15
INFO:root:VIERNES AL MEDIODIA
INFO:root:FICHAJE ESPAÑA -> DIA:5 -> 14:4
INFO:root:|------------------ C:/Users/e107580/Desktop/CODE/TIMY/fotos/boton-login.png ------------------|
INFO:root:|    REINTENTOS: 3 - PRECISION: 0.8999999999999999
INFO:root:|    posicion:Box(left=1794, top=721, width=251, height=82)
INFO:root:|    break
INFO:root:|    POSITION:Box(left=1794, top=721, width=251, height=82)
INFO:root:|----------------------------------------------|

DEBUG:root:DEBO FICHAR PARA MORNING
