INFO:root:|------------------ C:/Users/e107580/Desktop/CODE/TIMY/fotos/login-project-suite.png ------------------|
INFO:root:|    REINTENTOS: 3 - PRECISION: 0.8999999999999999
INFO:root:|    posicion:None
INFO:root:|------------------ C:/Users/e107580/Desktop/CODE/TIMY/fotos/login-project-suite.png ------------------|
INFO:root:|    REINTENTOS: 2 - PRECISION: 0.6
INFO:root:|    posicion:None
INFO:root:|------------------ C:/Users/e107580/Desktop/CODE/TIMY/fotos/login-project-suite.png ------------------|
INFO:root:|    REINTENTOS: 1 - PRECISION: 0.3
INFO:root:|------------------ C:/Users/e107580/Desktop/CODE/TIMY/fotos/login-project-suite.png ------------------|
INFO:root:|    REINTENTOS: 3 - PRECISION: 0.8999999999999999
INFO:root:|    posicion:Box(left=102, top=656, width=227, height=93)
INFO:root:|    break
INFO:root:|    POSITION:Box(left=102, top=656, width=227, height=93)
INFO:root:|----------------------------------------------|

INFO:root:|------------------ C:/Users/e107580/Desktop/CODE/TIMY/fotos/boton-nva-carga.png ------------------|
INFO:root:|    REINTENTOS: 3 - PRECISION: 0.8999999999999999
INFO:root:|    posicion:None
INFO:root:|------------------ C:/Users/e107580/Desktop/CODE/TIMY/fotos/boton-nva-carga.png ------------------|
INFO:root:|    REINTENTOS: 2 - PRECISION: 0.6
INFO:root:|    posicion:Box(left=3614, top=635, width=174, height=101)
INFO:root:|    break
INFO:root:|    POSITION:Box(left=3614, top=635, width=174, height=101)
INFO:root:|----------------------------------------------|

INFO:root:|------------------ C:/Users/e107580/Desktop/CODE/TIMY/fotos/boton-nva-carga.png ------------------|
INFO:root:|    REINTENTOS: 3 - PRECISION: 0.8999999999999999
INFO:root:|    posicion:Box(left=3645, top=638, width=174, height=101)
INFO:root:|    break
INFO:root:|    POSITION:Box(left=3645, top=638, width=174, height=101)
INFO:root:|----------------------------------------------|

INFO:root:|------------------ C:/Users/e107580/Desktop/CODE/TIMY/fotos/login-project-suite.png ------------------|
INFO:root:|    REINTENTOS: 3 - PRECISION: 0.8999999999999999
INFO:root:|    posicion:Box(left=102, top=656, width=227, height=93)
INFO:root:|    break
INFO:root:|    POSITION:Box(left=102, top=656, width=227, height=93)
INFO:root:|----------------------------------------------|

INFO:root:|------------------ C:/Users/e107580/Desktop/CODE/TIMY/fotos/boton-nva-carga.png ------------------|
INFO:root:|    REINTENTOS: 3 - PRECISION: 0.8999999999999999
INFO:root:|    posicion:None
INFO:root:|------------------ C:/Users/e107580/Desktop/CODE/TIMY/fotos/boton-nva-carga.png ------------------|
INFO:root:|    REINTENTOS: 2 - PRECISION: 0.6
INFO:root:|    posicion:None
INFO:root:|------------------ C:/Users/e107580/Desktop/CODE/TIMY/fotos/boton-nva-carga.png ------------------|
INFO:root:|    REINTENTOS: 1 - PRECISION: 0.3
INFO:root:|    posicion:Box(left=699, top=27, width=174, height=101)
INFO:root:|    break
INFO:root:|    POSITION:Box(left=699, top=27, width=174, height=101)
INFO:root:|----------------------------------------------|

INFO:root:|------------------ C:/Users/e107580/Desktop/CODE/TIMY/fotos/boton-nva-carga.png ------------------|
INFO:root:|    REINTENTOS: 3 - PRECISION: 0.8999999999999999
INFO:root:|    posicion:Box(left=3616, top=638, width=174, height=101)
INFO:root:|    break
INFO:root:|    POSITION:Box(left=3616, top=638, width=174, height=101)
INFO:root:|----------------------------------------------|

INFO:root:|------------------ C:/Users/e107580/Desktop/CODE/TIMY/fotos/zero-veinti-cinco.png ------------------|
INFO:root:|    REINTENTOS: 3 - PRECISION: 0.8999999999999999
INFO:root:|    posicion:None
INFO:root:|------------------ C:/Users/e107580/Desktop/CODE/TIMY/fotos/zero-veinti-cinco.png ------------------|
INFO:root:|    REINTENTOS: 2 - PRECISION: 0.6
INFO:root:|    posicion:None
INFO:root:|------------------ C:/Users/e107580/Desktop/CODE/TIMY/fotos/zero-veinti-cinco.png ------------------|
INFO:root:|    REINTENTOS: 1 - PRECISION: 0.3
INFO:root:|    posicion:Box(left=789, top=160, width=135, height=71)
INFO:root:|    break
INFO:root:|    POSITION:Box(left=789, top=160, width=135, height=71)
INFO:root:|----------------------------------------------|

INFO:root:|------------------ C:/Users/e107580/Desktop/CODE/TIMY/fotos/combo-categoria.png ------------------|
INFO:root:|    REINTENTOS: 3 - PRECISION: 0.8999999999999999
INFO:root:|    posicion:None
INFO:root:|------------------ C:/Users/e107580/Desktop/CODE/TIMY/fotos/combo-categoria.png ------------------|
INFO:root:|    REINTENTOS: 2 - PRECISION: 0.6
INFO:root:|    posicion:None
INFO:root:|------------------ C:/Users/e107580/Desktop/CODE/TIMY/fotos/combo-categoria.png ------------------|
INFO:root:|    REINTENTOS: 1 - PRECISION: 0.3
INFO:root:|    posicion:Box(left=1106, top=181, width=289, height=53)
INFO:root:|    break
INFO:root:|    POSITION:Box(left=1106, top=181, width=289, height=53)
INFO:root:|----------------------------------------------|

INFO:root:|------------------ C:/Users/e107580/Desktop/CODE/TIMY/fotos/categoria-others.png ------------------|
INFO:root:|    REINTENTOS: 3 - PRECISION: 0.8999999999999999
INFO:root:|    posicion:None
INFO:root:|------------------ C:/Users/e107580/Desktop/CODE/TIMY/fotos/categoria-others.png ------------------|
INFO:root:|    REINTENTOS: 2 - PRECISION: 0.6
INFO:root:|    posicion:None
INFO:root:|------------------ C:/Users/e107580/Desktop/CODE/TIMY/fotos/categoria-others.png ------------------|
INFO:root:|    REINTENTOS: 1 - PRECISION: 0.3
INFO:root:|    posicion:Box(left=2946, top=141, width=93, height=28)
INFO:root:|    break
INFO:root:|    POSITION:Box(left=2946, top=141, width=93, height=28)
INFO:root:|----------------------------------------------|

INFO:root:|------------------ C:/Users/e107580/Desktop/CODE/TIMY/fotos/apply.png ------------------|
INFO:root:|    REINTENTOS: 3 - PRECISION: 0.8999999999999999
INFO:root:|    posicion:None
INFO:root:|------------------ C:/Users/e107580/Desktop/CODE/TIMY/fotos/apply.png ------------------|
INFO:root:|    REINTENTOS: 2 - PRECISION: 0.6
INFO:root:|    posicion:Box(left=33, top=155, width=87, height=72)
INFO:root:|    break
INFO:root:|    POSITION:Box(left=33, top=155, width=87, height=72)
INFO:root:|----------------------------------------------|

INFO:root:|------------------ C:/Users/e107580/Desktop/CODE/TIMY/fotos/login-project-suite.png ------------------|
INFO:root:|    REINTENTOS: 3 - PRECISION: 0.8999999999999999
INFO:root:|    posicion:Box(left=102, top=656, width=227, height=93)
INFO:root:|    break
INFO:root:|    POSITION:Box(left=102, top=656, width=227, height=93)
INFO:root:|----------------------------------------------|

INFO:root:|------------------ C:/Users/e107580/Desktop/CODE/TIMY/fotos/boton-nva-carga.png ------------------|
INFO:root:|    REINTENTOS: 3 - PRECISION: 0.8999999999999999
INFO:root:|    posicion:None
INFO:root:|------------------ C:/Users/e107580/Desktop/CODE/TIMY/fotos/boton-nva-carga.png ------------------|
INFO:root:|    REINTENTOS: 2 - PRECISION: 0.6
INFO:root:|    posicion:Box(left=3614, top=635, width=174, height=101)
INFO:root:|    break
INFO:root:|    POSITION:Box(left=3614, top=635, width=174, height=101)
INFO:root:|----------------------------------------------|

INFO:root:|------------------ C:/Users/e107580/Desktop/CODE/TIMY/fotos/boton-nva-carga.png ------------------|
INFO:root:|    REINTENTOS: 3 - PRECISION: 0.8999999999999999
INFO:root:|    posicion:Box(left=3645, top=638, width=174, height=101)
INFO:root:|    break
INFO:root:|    POSITION:Box(left=3645, top=638, width=174, height=101)
INFO:root:|----------------------------------------------|

INFO:root:|------------------ C:/Users/e107580/Desktop/CODE/TIMY/fotos/zero-veinti-cinco.png ------------------|
INFO:root:|    REINTENTOS: 3 - PRECISION: 0.8999999999999999
INFO:root:|    posicion:None
INFO:root:|------------------ C:/Users/e107580/Desktop/CODE/TIMY/fotos/zero-veinti-cinco.png ------------------|
INFO:root:|    REINTENTOS: 2 - PRECISION: 0.6
INFO:root:|    posicion:None
INFO:root:|------------------ C:/Users/e107580/Desktop/CODE/TIMY/fotos/zero-veinti-cinco.png ------------------|
INFO:root:|    REINTENTOS: 1 - PRECISION: 0.3
INFO:root:|    posicion:Box(left=789, top=160, width=135, height=71)
INFO:root:|    break
INFO:root:|    POSITION:Box(left=789, top=160, width=135, height=71)
INFO:root:|----------------------------------------------|

INFO:root:|------------------ C:/Users/e107580/Desktop/CODE/TIMY/fotos/combo-categoria.png ------------------|
INFO:root:|    REINTENTOS: 3 - PRECISION: 0.8999999999999999
INFO:root:|    posicion:None
INFO:root:|------------------ C:/Users/e107580/Desktop/CODE/TIMY/fotos/login-project-suite.png ------------------|
INFO:root:|    REINTENTOS: 3 - PRECISION: 0.8999999999999999
INFO:root:|    posicion:Box(left=102, top=656, width=227, height=93)
INFO:root:|    break
INFO:root:|    POSITION:Box(left=102, top=656, width=227, height=93)
INFO:root:|----------------------------------------------|

INFO:root:|------------------ C:/Users/e107580/Desktop/CODE/TIMY/fotos/boton-nva-carga.png ------------------|
INFO:root:|    REINTENTOS: 3 - PRECISION: 0.8999999999999999
INFO:root:|    posicion:None
INFO:root:|------------------ C:/Users/e107580/Desktop/CODE/TIMY/fotos/boton-nva-carga.png ------------------|
INFO:root:|    REINTENTOS: 2 - PRECISION: 0.6
INFO:root:|    posicion:Box(left=3614, top=635, width=174, height=101)
INFO:root:|    break
INFO:root:|    POSITION:Box(left=3614, top=635, width=174, height=101)
INFO:root:|----------------------------------------------|

INFO:root:|------------------ C:/Users/e107580/Desktop/CODE/TIMY/fotos/boton-nva-carga.png ------------------|
INFO:root:|    REINTENTOS: 3 - PRECISION: 0.8999999999999999
INFO:root:|    posicion:Box(left=3645, top=638, width=174, height=101)
INFO:root:|    break
INFO:root:|    POSITION:Box(left=3645, top=638, width=174, height=101)
INFO:root:|----------------------------------------------|

INFO:root:|------------------ C:/Users/e107580/Desktop/CODE/TIMY/fotos/zero-veinti-cinco.png ------------------|
INFO:root:|    REINTENTOS: 3 - PRECISION: 0.8999999999999999
INFO:root:|    posicion:None
INFO:root:|------------------ C:/Users/e107580/Desktop/CODE/TIMY/fotos/zero-veinti-cinco.png ------------------|
INFO:root:|    REINTENTOS: 3 - PRECISION: 0.8999999999999999
INFO:root:|    posicion:None
INFO:root:|------------------ C:/Users/e107580/Desktop/CODE/TIMY/fotos/zero-veinti-cinco.png ------------------|
INFO:root:|    REINTENTOS: 3 - PRECISION: 0.8999999999999999
INFO:root:|    posicion:None
INFO:root:|------------------ C:/Users/e107580/Desktop/CODE/TIMY/fotos/zero-veinti-cinco.png ------------------|
INFO:root:|    REINTENTOS: 3 - PRECISION: 0.8999999999999999
INFO:root:|    posicion:None
INFO:root:|------------------ C:/Users/e107580/Desktop/CODE/TIMY/fotos/zero-veinti-cinco.png ------------------|
INFO:root:|    REINTENTOS: 3 - PRECISION: 0.8999999999999999
INFO:root:|    posicion:None
INFO:root:|------------------ C:/Users/e107580/Desktop/CODE/TIMY/fotos/zero-veinti-cinco.png ------------------|
INFO:root:|    REINTENTOS: 3 - PRECISION: 0.8999999999999999
INFO:root:|    posicion:None
INFO:root:|------------------ C:/Users/e107580/Desktop/CODE/TIMY/fotos/zero-veinti-cinco.png ------------------|
INFO:root:|    REINTENTOS: 3 - PRECISION: 0.8999999999999999
INFO:root:|    posicion:None
INFO:root:|------------------ C:/Users/e107580/Desktop/CODE/TIMY/fotos/zero-veinti-cinco.png ------------------|
INFO:root:|    REINTENTOS: 3 - PRECISION: 0.8999999999999999
INFO:root:|    posicion:None
INFO:root:|------------------ C:/Users/e107580/Desktop/CODE/TIMY/fotos/zero-veinti-cinco.png ------------------|
INFO:root:|    REINTENTOS: 3 - PRECISION: 0.8999999999999999
INFO:root:|    posicion:None
INFO:root:|------------------ C:/Users/e107580/Desktop/CODE/TIMY/fotos/zero-veinti-cinco.png ------------------|
INFO:root:|    REINTENTOS: 3 - PRECISION: 0.8999999999999999
INFO:root:|    posicion:None
INFO:root:|------------------ C:/Users/e107580/Desktop/CODE/TIMY/fotos/zero-veinti-cinco.png ------------------|
INFO:root:|    REINTENTOS: 3 - PRECISION: 0.8999999999999999
INFO:root:|    posicion:None
INFO:root:|------------------ C:/Users/e107580/Desktop/CODE/TIMY/fotos/zero-veinti-cinco.png ------------------|
INFO:root:|    REINTENTOS: 3 - PRECISION: 0.8999999999999999
INFO:root:|    posicion:None
INFO:root:|------------------ C:/Users/e107580/Desktop/CODE/TIMY/fotos/zero-veinti-cinco.png ------------------|
INFO:root:|    REINTENTOS: 3 - PRECISION: 0.8999999999999999
INFO:root:|    posicion:None
INFO:root:|------------------ C:/Users/e107580/Desktop/CODE/TIMY/fotos/zero-veinti-cinco.png ------------------|
INFO:root:|    REINTENTOS: 3 - PRECISION: 0.8999999999999999
INFO:root:|    posicion:None
INFO:root:|------------------ C:/Users/e107580/Desktop/CODE/TIMY/fotos/zero-veinti-cinco.png ------------------|
INFO:root:|    REINTENTOS: 3 - PRECISION: 0.8999999999999999
INFO:root:|    posicion:None
INFO:root:|------------------ C:/Users/e107580/Desktop/CODE/TIMY/fotos/zero-veinti-cinco.png ------------------|
INFO:root:|    REINTENTOS: 3 - PRECISION: 0.8999999999999999
INFO:root:|    posicion:None
INFO:root:|------------------ C:/Users/e107580/Desktop/CODE/TIMY/fotos/zero-veinti-cinco.png ------------------|
INFO:root:|    REINTENTOS: 3 - PRECISION: 0.8999999999999999
INFO:root:|    posicion:None
INFO:root:|------------------ C:/Users/e107580/Desktop/CODE/TIMY/fotos/zero-veinti-cinco.png ------------------|
INFO:root:|    REINTENTOS: 3 - PRECISION: 0.8999999999999999
INFO:root:|    posicion:None
INFO:root:|------------------ C:/Users/e107580/Desktop/CODE/TIMY/fotos/login-project-suite.png ------------------|
INFO:root:|    REINTENTOS: 3 - PRECISION: 0.8999999999999999
INFO:root:|    posicion:Box(left=102, top=656, width=227, height=93)
INFO:root:|    break
INFO:root:|    POSITION:Box(left=102, top=656, width=227, height=93)
INFO:root:|----------------------------------------------|

INFO:root:|------------------ C:/Users/e107580/Desktop/CODE/TIMY/fotos/boton-nva-carga.png ------------------|
INFO:root:|    REINTENTOS: 3 - PRECISION: 0.8999999999999999
INFO:root:|    posicion:None
INFO:root:|------------------ C:/Users/e107580/Desktop/CODE/TIMY/fotos/boton-nva-carga.png ------------------|
INFO:root:|    REINTENTOS: 2 - PRECISION: 0.6
INFO:root:|    posicion:Box(left=3643, top=635, width=174, height=101)
INFO:root:|    break
INFO:root:|    POSITION:Box(left=3643, top=635, width=174, height=101)
INFO:root:|----------------------------------------------|

INFO:root:|------------------ C:/Users/e107580/Desktop/CODE/TIMY/fotos/boton-nva-carga.png ------------------|
INFO:root:|    REINTENTOS: 3 - PRECISION: 0.8999999999999999
INFO:root:|    posicion:Box(left=3645, top=638, width=174, height=101)
INFO:root:|    break
INFO:root:|    POSITION:Box(left=3645, top=638, width=174, height=101)
INFO:root:|----------------------------------------------|

INFO:root:|------------------ C:/Users/e107580/Desktop/CODE/TIMY/fotos/zero-veinti-cinco.png ------------------|
INFO:root:|    REINTENTOS: 3 - PRECISION: 0.8999999999999999
INFO:root:|    posicion:Box(left=485, top=1750, width=489, height=103)
INFO:root:|    break
INFO:root:|    POSITION:Box(left=485, top=1750, width=489, height=103)
INFO:root:|----------------------------------------------|

INFO:root:|------------------ C:/Users/e107580/Desktop/CODE/TIMY/fotos/combo-categoria.png ------------------|
INFO:root:|    REINTENTOS: 3 - PRECISION: 0.8999999999999999
INFO:root:|    posicion:None
INFO:root:|------------------ C:/Users/e107580/Desktop/CODE/TIMY/fotos/combo-categoria.png ------------------|
INFO:root:|    REINTENTOS: 3 - PRECISION: 0.8999999999999999
INFO:root:|    posicion:None
INFO:root:|------------------ C:/Users/e107580/Desktop/CODE/TIMY/fotos/combo-categoria.png ------------------|
INFO:root:|    REINTENTOS: 3 - PRECISION: 0.8999999999999999
INFO:root:|    posicion:None
INFO:root:|------------------ C:/Users/e107580/Desktop/CODE/TIMY/fotos/combo-categoria.png ------------------|
INFO:root:|    REINTENTOS: 3 - PRECISION: 0.8999999999999999
INFO:root:|    posicion:None
INFO:root:|------------------ C:/Users/e107580/Desktop/CODE/TIMY/fotos/combo-categoria.png ------------------|
INFO:root:|    REINTENTOS: 3 - PRECISION: 0.8999999999999999
INFO:root:|    posicion:None
INFO:root:|------------------ C:/Users/e107580/Desktop/CODE/TIMY/fotos/combo-categoria.png ------------------|
INFO:root:|    REINTENTOS: 3 - PRECISION: 0.8999999999999999
INFO:root:|    posicion:None
INFO:root:|------------------ C:/Users/e107580/Desktop/CODE/TIMY/fotos/combo-categoria.png ------------------|
INFO:root:|    REINTENTOS: 3 - PRECISION: 0.8999999999999999
INFO:root:|    posicion:None
INFO:root:|------------------ C:/Users/e107580/Desktop/CODE/TIMY/fotos/combo-categoria.png ------------------|
INFO:root:|    REINTENTOS: 3 - PRECISION: 0.8999999999999999
INFO:root:|    posicion:None
INFO:root:|------------------ C:/Users/e107580/Desktop/CODE/TIMY/fotos/combo-categoria.png ------------------|
INFO:root:|    REINTENTOS: 3 - PRECISION: 0.8999999999999999
INFO:root:|    posicion:None
INFO:root:|------------------ C:/Users/e107580/Desktop/CODE/TIMY/fotos/combo-categoria.png ------------------|
INFO:root:|    REINTENTOS: 3 - PRECISION: 0.8999999999999999
INFO:root:|    posicion:None
INFO:root:|------------------ C:/Users/e107580/Desktop/CODE/TIMY/fotos/combo-categoria.png ------------------|
INFO:root:|    REINTENTOS: 3 - PRECISION: 0.8999999999999999
INFO:root:|    posicion:None
INFO:root:|------------------ C:/Users/e107580/Desktop/CODE/TIMY/fotos/combo-categoria.png ------------------|
INFO:root:|    REINTENTOS: 3 - PRECISION: 0.8999999999999999
INFO:root:|    posicion:None
INFO:root:|------------------ C:/Users/e107580/Desktop/CODE/TIMY/fotos/combo-categoria.png ------------------|
INFO:root:|    REINTENTOS: 3 - PRECISION: 0.8999999999999999
INFO:root:|    posicion:None
INFO:root:|------------------ C:/Users/e107580/Desktop/CODE/TIMY/fotos/combo-categoria.png ------------------|
INFO:root:|    REINTENTOS: 3 - PRECISION: 0.8999999999999999
INFO:root:|    posicion:None
INFO:root:|------------------ C:/Users/e107580/Desktop/CODE/TIMY/fotos/combo-categoria.png ------------------|
INFO:root:|    REINTENTOS: 3 - PRECISION: 0.8999999999999999
INFO:root:|    posicion:None
INFO:root:|------------------ C:/Users/e107580/Desktop/CODE/TIMY/fotos/login-project-suite.png ------------------|
INFO:root:|    REINTENTOS: 3 - PRECISION: 0.8999999999999999
INFO:root:|    posicion:Box(left=102, top=656, width=227, height=93)
INFO:root:|    break
INFO:root:|    POSITION:Box(left=102, top=656, width=227, height=93)
INFO:root:|----------------------------------------------|

INFO:root:|------------------ C:/Users/e107580/Desktop/CODE/TIMY/fotos/boton-nva-carga.png ------------------|
INFO:root:|    REINTENTOS: 3 - PRECISION: 0.8999999999999999
INFO:root:|    posicion:None
INFO:root:|------------------ C:/Users/e107580/Desktop/CODE/TIMY/fotos/boton-nva-carga.png ------------------|
INFO:root:|    REINTENTOS: 2 - PRECISION: 0.6
INFO:root:|    posicion:Box(left=3614, top=635, width=174, height=101)
INFO:root:|    break
INFO:root:|    POSITION:Box(left=3614, top=635, width=174, height=101)
INFO:root:|----------------------------------------------|

INFO:root:|------------------ C:/Users/e107580/Desktop/CODE/TIMY/fotos/boton-nva-carga.png ------------------|
INFO:root:|    REINTENTOS: 3 - PRECISION: 0.8999999999999999
INFO:root:|    posicion:Box(left=3645, top=638, width=174, height=101)
INFO:root:|    break
INFO:root:|    POSITION:Box(left=3645, top=638, width=174, height=101)
INFO:root:|----------------------------------------------|

INFO:root:|------------------ C:/Users/e107580/Desktop/CODE/TIMY/fotos/zero-veinti-cinco.png ------------------|
INFO:root:|    REINTENTOS: 3 - PRECISION: 0.8999999999999999
INFO:root:|    posicion:Box(left=490, top=1750, width=489, height=103)
INFO:root:|    break
INFO:root:|    POSITION:Box(left=490, top=1750, width=489, height=103)
INFO:root:|----------------------------------------------|

INFO:root:|------------------ C:/Users/e107580/Desktop/CODE/TIMY/fotos/combo-categoria.png ------------------|
INFO:root:|    REINTENTOS: 3 - PRECISION: 0.8999999999999999
INFO:root:|    posicion:None
INFO:root:|------------------ C:/Users/e107580/Desktop/CODE/TIMY/fotos/combo-categoria.png ------------------|
INFO:root:|    REINTENTOS: 3 - PRECISION: 0.8999999999999999
INFO:root:|    posicion:None
INFO:root:|------------------ C:/Users/e107580/Desktop/CODE/TIMY/fotos/combo-categoria.png ------------------|
INFO:root:|    REINTENTOS: 3 - PRECISION: 0.8999999999999999
INFO:root:|    posicion:None
INFO:root:|------------------ C:/Users/e107580/Desktop/CODE/TIMY/fotos/combo-categoria.png ------------------|
INFO:root:|    REINTENTOS: 3 - PRECISION: 0.8999999999999999
INFO:root:|    posicion:None
INFO:root:|------------------ C:/Users/e107580/Desktop/CODE/TIMY/fotos/combo-categoria.png ------------------|
INFO:root:|    REINTENTOS: 3 - PRECISION: 0.8999999999999999
INFO:root:|    posicion:None
INFO:root:|------------------ C:/Users/e107580/Desktop/CODE/TIMY/fotos/combo-categoria.png ------------------|
INFO:root:|    REINTENTOS: 3 - PRECISION: 0.8999999999999999
INFO:root:|    posicion:None
INFO:root:|------------------ C:/Users/e107580/Desktop/CODE/TIMY/fotos/combo-categoria.png ------------------|
INFO:root:|    REINTENTOS: 3 - PRECISION: 0.8999999999999999
INFO:root:|    posicion:None
INFO:root:|------------------ C:/Users/e107580/Desktop/CODE/TIMY/fotos/login-project-suite.png ------------------|
INFO:root:|    REINTENTOS: 3 - PRECISION: 0.8999999999999999
INFO:root:|    posicion:Box(left=102, top=656, width=227, height=93)
INFO:root:|    break
INFO:root:|    POSITION:Box(left=102, top=656, width=227, height=93)
INFO:root:|----------------------------------------------|

INFO:root:|------------------ C:/Users/e107580/Desktop/CODE/TIMY/fotos/boton-nva-carga.png ------------------|
INFO:root:|    REINTENTOS: 3 - PRECISION: 0.8999999999999999
INFO:root:|    posicion:Box(left=3616, top=638, width=174, height=101)
INFO:root:|    break
INFO:root:|    POSITION:Box(left=3616, top=638, width=174, height=101)
INFO:root:|----------------------------------------------|

INFO:root:|------------------ C:/Users/e107580/Desktop/CODE/TIMY/fotos/zero-veinti-cinco.png ------------------|
INFO:root:|    REINTENTOS: 3 - PRECISION: 0.8999999999999999
INFO:root:|    posicion:Box(left=490, top=1750, width=489, height=103)
INFO:root:|    break
INFO:root:|    POSITION:Box(left=490, top=1750, width=489, height=103)
INFO:root:|----------------------------------------------|

INFO:root:|------------------ C:/Users/e107580/Desktop/CODE/TIMY/fotos/combo-categoria.png ------------------|
INFO:root:|    REINTENTOS: 3 - PRECISION: 0.8999999999999999
INFO:root:|    posicion:Box(left=502, top=1848, width=771, height=85)
INFO:root:|    break
INFO:root:|    POSITION:Box(left=502, top=1848, width=771, height=85)
INFO:root:|----------------------------------------------|

INFO:root:|------------------ C:/Users/e107580/Desktop/CODE/TIMY/fotos/categoria-others.png ------------------|
INFO:root:|    REINTENTOS: 3 - PRECISION: 0.8999999999999999
INFO:root:|    posicion:None
INFO:root:|------------------ C:/Users/e107580/Desktop/CODE/TIMY/fotos/categoria-others.png ------------------|
INFO:root:|    REINTENTOS: 3 - PRECISION: 0.8999999999999999
INFO:root:|    posicion:None
INFO:root:|------------------ C:/Users/e107580/Desktop/CODE/TIMY/fotos/categoria-others.png ------------------|
INFO:root:|    REINTENTOS: 3 - PRECISION: 0.8999999999999999
INFO:root:|    posicion:None
INFO:root:|------------------ C:/Users/e107580/Desktop/CODE/TIMY/fotos/categoria-others.png ------------------|
INFO:root:|    REINTENTOS: 3 - PRECISION: 0.8999999999999999
INFO:root:|    posicion:None
INFO:root:|------------------ C:/Users/e107580/Desktop/CODE/TIMY/fotos/categoria-others.png ------------------|
INFO:root:|    REINTENTOS: 3 - PRECISION: 0.8999999999999999
INFO:root:|    posicion:None
INFO:root:|------------------ C:/Users/e107580/Desktop/CODE/TIMY/fotos/categoria-others.png ------------------|
INFO:root:|    REINTENTOS: 3 - PRECISION: 0.8999999999999999
INFO:root:|    posicion:None
INFO:root:|------------------ C:/Users/e107580/Desktop/CODE/TIMY/fotos/categoria-others.png ------------------|
INFO:root:|    REINTENTOS: 3 - PRECISION: 0.8999999999999999
INFO:root:|    posicion:None
INFO:root:|------------------ C:/Users/e107580/Desktop/CODE/TIMY/fotos/categoria-others.png ------------------|
INFO:root:|    REINTENTOS: 3 - PRECISION: 0.8999999999999999
INFO:root:|    posicion:None
INFO:root:|------------------ C:/Users/e107580/Desktop/CODE/TIMY/fotos/categoria-others.png ------------------|
INFO:root:|    REINTENTOS: 3 - PRECISION: 0.8999999999999999
INFO:root:|    posicion:None
INFO:root:|------------------ C:/Users/e107580/Desktop/CODE/TIMY/fotos/categoria-others.png ------------------|
INFO:root:|    REINTENTOS: 3 - PRECISION: 0.8999999999999999
INFO:root:|    posicion:None
INFO:root:|------------------ C:/Users/e107580/Desktop/CODE/TIMY/fotos/categoria-others.png ------------------|
INFO:root:|    REINTENTOS: 3 - PRECISION: 0.8999999999999999
INFO:root:|    posicion:None
INFO:root:|------------------ C:/Users/e107580/Desktop/CODE/TIMY/fotos/categoria-others.png ------------------|
INFO:root:|    REINTENTOS: 3 - PRECISION: 0.8999999999999999
INFO:root:|------------------ C:/Users/e107580/Desktop/CODE/TIMY/fotos/login-project-suite.png ------------------|
INFO:root:|    REINTENTOS: 3 - PRECISION: 0.8999999999999999
INFO:root:|    posicion:Box(left=102, top=656, width=227, height=93)
INFO:root:|    break
INFO:root:|    POSITION:Box(left=102, top=656, width=227, height=93)
INFO:root:|----------------------------------------------|

INFO:root:|------------------ C:/Users/e107580/Desktop/CODE/TIMY/fotos/boton-nva-carga.png ------------------|
INFO:root:|    REINTENTOS: 3 - PRECISION: 0.8999999999999999
INFO:root:|    posicion:Box(left=3616, top=638, width=174, height=101)
INFO:root:|    break
INFO:root:|    POSITION:Box(left=3616, top=638, width=174, height=101)
INFO:root:|----------------------------------------------|

INFO:root:|------------------ C:/Users/e107580/Desktop/CODE/TIMY/fotos/zero-veinti-cinco.png ------------------|
INFO:root:|    REINTENTOS: 3 - PRECISION: 0.8999999999999999
INFO:root:|    posicion:Box(left=490, top=1750, width=489, height=103)
INFO:root:|    break
INFO:root:|    POSITION:Box(left=490, top=1750, width=489, height=103)
INFO:root:|----------------------------------------------|

INFO:root:|------------------ C:/Users/e107580/Desktop/CODE/TIMY/fotos/combo-categoria.png ------------------|
INFO:root:|    REINTENTOS: 3 - PRECISION: 0.8999999999999999
INFO:root:|    posicion:Box(left=502, top=1848, width=771, height=85)
INFO:root:|    break
INFO:root:|    POSITION:Box(left=502, top=1848, width=771, height=85)
INFO:root:|----------------------------------------------|

INFO:root:|------------------ C:/Users/e107580/Desktop/CODE/TIMY/fotos/categoria-others.png ------------------|
INFO:root:|    REINTENTOS: 3 - PRECISION: 0.8999999999999999
INFO:root:|    posicion:None
INFO:root:|------------------ C:/Users/e107580/Desktop/CODE/TIMY/fotos/categoria-others.png ------------------|
INFO:root:|    REINTENTOS: 2 - PRECISION: 0.6
INFO:root:|    posicion:None
INFO:root:|------------------ C:/Users/e107580/Desktop/CODE/TIMY/fotos/categoria-others.png ------------------|
INFO:root:|    REINTENTOS: 1 - PRECISION: 0.3
INFO:root:|    posicion:Box(left=2925, top=140, width=93, height=28)
INFO:root:|    break
INFO:root:|    POSITION:Box(left=2925, top=140, width=93, height=28)
INFO:root:|----------------------------------------------|

INFO:root:|------------------ C:/Users/e107580/Desktop/CODE/TIMY/fotos/apply.png ------------------|
INFO:root:|    REINTENTOS: 3 - PRECISION: 0.8999999999999999
INFO:root:|    posicion:None
INFO:root:|------------------ C:/Users/e107580/Desktop/CODE/TIMY/fotos/apply.png ------------------|
INFO:root:|    REINTENTOS: 2 - PRECISION: 0.6
INFO:root:|    posicion:Box(left=33, top=155, width=87, height=72)
INFO:root:|    break
INFO:root:|    POSITION:Box(left=33, top=155, width=87, height=72)
INFO:root:|----------------------------------------------|

INFO:root:|------------------ C:/Users/e107580/Desktop/CODE/TIMY/fotos/login-project-suite.png ------------------|
INFO:root:|    REINTENTOS: 3 - PRECISION: 0.8999999999999999
INFO:root:|    posicion:Box(left=102, top=656, width=227, height=93)
INFO:root:|    break
INFO:root:|    POSITION:Box(left=102, top=656, width=227, height=93)
INFO:root:|----------------------------------------------|

INFO:root:|------------------ C:/Users/e107580/Desktop/CODE/TIMY/fotos/boton-nva-carga.png ------------------|
INFO:root:|    REINTENTOS: 3 - PRECISION: 0.8999999999999999
INFO:root:|    posicion:Box(left=3616, top=638, width=174, height=101)
INFO:root:|    break
INFO:root:|    POSITION:Box(left=3616, top=638, width=174, height=101)
INFO:root:|----------------------------------------------|

INFO:root:|------------------ C:/Users/e107580/Desktop/CODE/TIMY/fotos/zero-veinti-cinco.png ------------------|
INFO:root:|    REINTENTOS: 3 - PRECISION: 0.8999999999999999
INFO:root:|    posicion:Box(left=485, top=1750, width=489, height=103)
INFO:root:|    break
INFO:root:|    POSITION:Box(left=485, top=1750, width=489, height=103)
INFO:root:|----------------------------------------------|

INFO:root:|------------------ C:/Users/e107580/Desktop/CODE/TIMY/fotos/combo-categoria.png ------------------|
INFO:root:|    REINTENTOS: 3 - PRECISION: 0.8999999999999999
INFO:root:|    posicion:Box(left=502, top=1848, width=771, height=85)
INFO:root:|    break
INFO:root:|    POSITION:Box(left=502, top=1848, width=771, height=85)
INFO:root:|----------------------------------------------|

INFO:root:|------------------ C:/Users/e107580/Desktop/CODE/TIMY/fotos/apply.png ------------------|
INFO:root:|    REINTENTOS: 3 - PRECISION: 0.8999999999999999
INFO:root:|    posicion:None
INFO:root:|------------------ C:/Users/e107580/Desktop/CODE/TIMY/fotos/apply.png ------------------|
INFO:root:|    REINTENTOS: 2 - PRECISION: 0.6
INFO:root:|    posicion:Box(left=18, top=479, width=87, height=72)
INFO:root:|    break
INFO:root:|    POSITION:Box(left=18, top=479, width=87, height=72)
INFO:root:|----------------------------------------------|

INFO:root:|------------------ C:/Users/e107580/Desktop/CODE/TIMY/fotos/login-project-suite.png ------------------|
INFO:root:|    REINTENTOS: 3 - PRECISION: 0.8999999999999999
INFO:root:|    posicion:Box(left=102, top=656, width=227, height=93)
INFO:root:|    break
INFO:root:|    POSITION:Box(left=102, top=656, width=227, height=93)
INFO:root:|----------------------------------------------|

INFO:root:|------------------ C:/Users/e107580/Desktop/CODE/TIMY/fotos/boton-nva-carga.png ------------------|
INFO:root:|    REINTENTOS: 3 - PRECISION: 0.8999999999999999
INFO:root:|    posicion:Box(left=3616, top=638, width=174, height=101)
INFO:root:|    break
INFO:root:|    POSITION:Box(left=3616, top=638, width=174, height=101)
INFO:root:|----------------------------------------------|

INFO:root:|------------------ C:/Users/e107580/Desktop/CODE/TIMY/fotos/zero-veinti-cinco.png ------------------|
INFO:root:|    REINTENTOS: 3 - PRECISION: 0.8999999999999999
INFO:root:|    posicion:Box(left=485, top=1750, width=489, height=103)
INFO:root:|    break
INFO:root:|    POSITION:Box(left=485, top=1750, width=489, height=103)
INFO:root:|----------------------------------------------|

INFO:root:|------------------ C:/Users/e107580/Desktop/CODE/TIMY/fotos/combo-categoria.png ------------------|
INFO:root:|    REINTENTOS: 3 - PRECISION: 0.8999999999999999
INFO:root:|    posicion:Box(left=502, top=1848, width=771, height=85)
INFO:root:|    break
INFO:root:|    POSITION:Box(left=502, top=1848, width=771, height=85)
INFO:root:|----------------------------------------------|

INFO:root:|------------------ C:/Users/e107580/Desktop/CODE/TIMY/fotos/apply.png ------------------|
INFO:root:|    REINTENTOS: 3 - PRECISION: 0.8999999999999999
INFO:root:|    posicion:Box(left=3304, top=1914, width=218, height=135)
INFO:root:|    break
INFO:root:|    POSITION:Box(left=3304, top=1914, width=218, height=135)
INFO:root:|----------------------------------------------|

INFO:root:|------------------ C:/Users/e107580/Desktop/CODE/TIMY/fotos/login-project-suite.png ------------------|
INFO:root:|    REINTENTOS: 3 - PRECISION: 0.8999999999999999
INFO:root:|    posicion:Box(left=102, top=656, width=227, height=93)
INFO:root:|    break
INFO:root:|    POSITION:Box(left=102, top=656, width=227, height=93)
INFO:root:|----------------------------------------------|

INFO:root:|------------------ C:/Users/e107580/Desktop/CODE/TIMY/fotos/boton-nva-carga.png ------------------|
INFO:root:|    REINTENTOS: 3 - PRECISION: 0.8999999999999999
INFO:root:|    posicion:Box(left=3616, top=638, width=174, height=101)
INFO:root:|    break
INFO:root:|    POSITION:Box(left=3616, top=638, width=174, height=101)
INFO:root:|----------------------------------------------|

INFO:root:|------------------ C:/Users/e107580/Desktop/CODE/TIMY/fotos/zero-veinti-cinco.png ------------------|
INFO:root:|    REINTENTOS: 3 - PRECISION: 0.8999999999999999
INFO:root:|    posicion:Box(left=485, top=1776, width=489, height=103)
INFO:root:|    break
INFO:root:|    POSITION:Box(left=485, top=1776, width=489, height=103)
INFO:root:|----------------------------------------------|

INFO:root:|------------------ C:/Users/e107580/Desktop/CODE/TIMY/fotos/combo-categoria.png ------------------|
INFO:root:|    REINTENTOS: 3 - PRECISION: 0.8999999999999999
INFO:root:|    posicion:None
INFO:root:|------------------ C:/Users/e107580/Desktop/CODE/TIMY/fotos/combo-categoria.png ------------------|
INFO:root:|    REINTENTOS: 3 - PRECISION: 0.8999999999999999
INFO:root:|    posicion:Box(left=502, top=1874, width=771, height=85)
INFO:root:|    break
INFO:root:|    POSITION:Box(left=502, top=1874, width=771, height=85)
INFO:root:|----------------------------------------------|

INFO:root:|------------------ C:/Users/e107580/Desktop/CODE/TIMY/fotos/apply.png ------------------|
INFO:root:|    REINTENTOS: 3 - PRECISION: 0.8999999999999999
INFO:root:|    posicion:Box(left=3304, top=1940, width=218, height=135)
INFO:root:|    break
INFO:root:|    POSITION:Box(left=3304, top=1940, width=218, height=135)
INFO:root:|----------------------------------------------|

