DEBUG:root:FICHAJE ESPAÑA -> DIA:1 -> 15
DEBUG:root:|------------------ C:/Users/e107580/Desktop/CODE/TIMY/fotos/my-time-link-2.jpg ------------------|
DEBUG:root:|    REINTENTOS: 3 - PRECISION: 0.8999999999999999
DEBUG:root:|    posicion:Box(left=106, top=6, width=79, height=89)
DEBUG:root:|    break
DEBUG:root:|    POSITION:Box(left=106, top=6, width=79, height=89)
DEBUG:root:|----------------------------------------------|

DEBUG:root:|------------------ C:/Users/e107580/Desktop/CODE/TIMY/fotos/boton-login.png ------------------|
DEBUG:root:|    REINTENTOS: 3 - PRECISION: 0.8999999999999999
DEBUG:root:|    posicion:None
DEBUG:root:|------------------ C:/Users/e107580/Desktop/CODE/TIMY/fotos/boton-login.png ------------------|
DEBUG:root:|    REINTENTOS: 2 - PRECISION: 0.6
DEBUG:root:|    posicion:None
DEBUG:root:|------------------ C:/Users/e107580/Desktop/CODE/TIMY/fotos/boton-login.png ------------------|
DEBUG:root:|    REINTENTOS: 1 - PRECISION: 0.3
DEBUG:root:|    posicion:Box(left=78, top=0, width=121, height=48)
DEBUG:root:|    break
DEBUG:root:|    POSITION:Box(left=78, top=0, width=121, height=48)
DEBUG:root:|----------------------------------------------|

DEBUG:root:FICHAJE ESPAÑA -> DIA:1 -> 15
DEBUG:root:|------------------ C:/Users/e107580/Desktop/CODE/TIMY/fotos/my-time-link-2.jpg ------------------|
DEBUG:root:|    REINTENTOS: 3 - PRECISION: 0.8999999999999999
DEBUG:root:|    posicion:Box(left=106, top=6, width=79, height=89)
DEBUG:root:|    break
DEBUG:root:|    POSITION:Box(left=106, top=6, width=79, height=89)
DEBUG:root:|----------------------------------------------|

DEBUG:root:|------------------ C:/Users/e107580/Desktop/CODE/TIMY/fotos/boton-login.png ------------------|
DEBUG:root:|    REINTENTOS: 3 - PRECISION: 0.8999999999999999
DEBUG:root:FICHAJE ESPAÑA -> DIA:1 -> 15
DEBUG:root:|------------------ C:/Users/e107580/Desktop/CODE/TIMY/fotos/my-time-link-2.jpg ------------------|
DEBUG:root:|    REINTENTOS: 3 - PRECISION: 0.8999999999999999
DEBUG:root:|    posicion:Box(left=106, top=6, width=79, height=89)
DEBUG:root:|    break
DEBUG:root:|    POSITION:Box(left=106, top=6, width=79, height=89)
DEBUG:root:|----------------------------------------------|

DEBUG:root:|------------------ C:/Users/e107580/Desktop/CODE/TIMY/fotos/boton-login.png ------------------|
DEBUG:root:|    REINTENTOS: 3 - PRECISION: 0.8999999999999999
DEBUG:root:|    posicion:None
DEBUG:root:|------------------ C:/Users/e107580/Desktop/CODE/TIMY/fotos/boton-login.png ------------------|
DEBUG:root:|    REINTENTOS: 2 - PRECISION: 0.6
DEBUG:root:|    posicion:None
DEBUG:root:|------------------ C:/Users/e107580/Desktop/CODE/TIMY/fotos/boton-login.png ------------------|
DEBUG:root:|    REINTENTOS: 1 - PRECISION: 0.3
DEBUG:root:|    posicion:Box(left=1069, top=20, width=121, height=48)
DEBUG:root:|    break
DEBUG:root:|    POSITION:Box(left=1069, top=20, width=121, height=48)
DEBUG:root:|----------------------------------------------|

DEBUG:root:|------------------ C:/Users/e107580/Desktop/CODE/TIMY/fotos/boton-oficina.png ------------------|
DEBUG:root:|    REINTENTOS: 3 - PRECISION: 0.8999999999999999
DEBUG:root:|    posicion:None
DEBUG:root:|------------------ C:/Users/e107580/Desktop/CODE/TIMY/fotos/boton-oficina.png ------------------|
DEBUG:root:|    REINTENTOS: 2 - PRECISION: 0.6
DEBUG:root:|    posicion:None
DEBUG:root:|------------------ C:/Users/e107580/Desktop/CODE/TIMY/fotos/boton-oficina.png ------------------|
DEBUG:root:|    REINTENTOS: 1 - PRECISION: 0.3
DEBUG:root:|    posicion:Box(left=110, top=133, width=82, height=40)
DEBUG:root:|    break
DEBUG:root:|    POSITION:Box(left=110, top=133, width=82, height=40)
DEBUG:root:|----------------------------------------------|

DEBUG:root:DEBO FICHAR PARA AFTERNOON
DEBUG:root:|------------------ C:/Users/e107580/Desktop/CODE/TIMY/fotos/boton-salida2.png ------------------|
DEBUG:root:|    REINTENTOS: 3 - PRECISION: 0.8999999999999999
DEBUG:root:|    posicion:Box(left=399, top=697, width=362, height=109)
DEBUG:root:|    break
DEBUG:root:|    POSITION:Box(left=399, top=697, width=362, height=109)
DEBUG:root:|----------------------------------------------|

DEBUG:root:FICHAJE ESPAÑA -> DIA:1 -> 15
DEBUG:root:|------------------ C:/Users/e107580/Desktop/CODE/TIMY/fotos/my-time-link-2.jpg ------------------|
DEBUG:root:|    REINTENTOS: 3 - PRECISION: 0.8999999999999999
DEBUG:root:|    posicion:Box(left=106, top=6, width=79, height=89)
DEBUG:root:|    break
DEBUG:root:|    POSITION:Box(left=106, top=6, width=79, height=89)
DEBUG:root:|----------------------------------------------|

DEBUG:root:|------------------ C:/Users/e107580/Desktop/CODE/TIMY/fotos/boton-login.png ------------------|
DEBUG:root:|    REINTENTOS: 3 - PRECISION: 0.8999999999999999
DEBUG:root:|    posicion:None
DEBUG:root:|------------------ C:/Users/e107580/Desktop/CODE/TIMY/fotos/boton-login.png ------------------|
DEBUG:root:|    REINTENTOS: 2 - PRECISION: 0.6
DEBUG:root:|    posicion:None
